\BOOKMARK [0][-]{chapter.1}{Introducci\363n}{}% 1
\BOOKMARK [1][-]{section.1.1}{Motivaci\363n}{chapter.1}% 2
\BOOKMARK [1][-]{section.1.2}{Objetivos}{chapter.1}% 3
\BOOKMARK [1][-]{section.1.3}{Marco\040regulador}{chapter.1}% 4
\BOOKMARK [1][-]{section.1.4}{Entorno\040socioecon\363mico}{chapter.1}% 5
\BOOKMARK [1][-]{section.1.5}{Estructura\040del\040documento}{chapter.1}% 6
\BOOKMARK [0][-]{chapter.2}{Estado\040del\040arte}{}% 7
\BOOKMARK [1][-]{section.2.1}{Visi\363n\040por\040computadora}{chapter.2}% 8
\BOOKMARK [1][-]{section.2.2}{Redes\040de\040Neuronas\040Convolucionales}{chapter.2}% 9
\BOOKMARK [1][-]{section.2.3}{Extracci\363n\040de\040caracteristicas}{chapter.2}% 10
\BOOKMARK [1][-]{section.2.4}{Segmentaci\363n\040de\040im\341genes}{chapter.2}% 11
\BOOKMARK [1][-]{section.2.5}{Trabajos\040similares}{chapter.2}% 12
\BOOKMARK [0][-]{chapter.3}{Dise\361o\040del\040sistema}{}% 13
\BOOKMARK [1][-]{section.3.1}{Conjunto\040de\040datos}{chapter.3}% 14
\BOOKMARK [1][-]{section.3.2}{Modelo}{chapter.3}% 15
\BOOKMARK [2][-]{subsection.3.2.1}{Segmentaci\363n}{section.3.2}% 16
\BOOKMARK [2][-]{subsection.3.2.2}{Algoritmo\040de\040recomendaci\363n}{section.3.2}% 17
\BOOKMARK [1][-]{section.3.3}{API}{chapter.3}% 18
\BOOKMARK [1][-]{section.3.4}{Interfaz}{chapter.3}% 19
\BOOKMARK [1][-]{section.3.5}{Tecnolog\355as\040empleadas}{chapter.3}% 20
\BOOKMARK [0][-]{chapter.4}{Resultados}{}% 21
\BOOKMARK [1][-]{section.4.1}{Sin\040m\341scaras}{chapter.4}% 22
\BOOKMARK [1][-]{section.4.2}{Con\040m\341scaras}{chapter.4}% 23
\BOOKMARK [1][-]{section.4.3}{Uso\040de\040atributos}{chapter.4}% 24
\BOOKMARK [0][-]{chapter.5}{Conclusiones}{}% 25
\BOOKMARK [0][-]{chapter.6}{Trabajos\040futuros}{}% 26
\BOOKMARK [0][-]{chapter.7}{Planificaci\363n\040y\040presupuestos}{}% 27
\BOOKMARK [1][-]{section.7.1}{Planificaci\363n}{chapter.7}% 28
\BOOKMARK [1][-]{section.7.2}{Presupuestos}{chapter.7}% 29
\BOOKMARK [2][-]{subsection.7.2.1}{Coste\040del\040personal}{section.7.2}% 30
\BOOKMARK [2][-]{subsection.7.2.2}{Coste\040del\040equipo}{section.7.2}% 31
\BOOKMARK [2][-]{subsection.7.2.3}{Costes\040directos}{section.7.2}% 32
\BOOKMARK [2][-]{subsection.7.2.4}{Costes\040indirectos}{section.7.2}% 33
\BOOKMARK [2][-]{subsection.7.2.5}{Costes\040totales}{section.7.2}% 34
\BOOKMARK [0][-]{table.caption.47}{Bibliograf\355a}{}% 35
